<?xml version="1.0" encoding="UTF-8" standalone="no"?>
<testsuite failures="0" name="cucumber.runtime.formatter.JUnitFormatter" skipped="0" tests="1" time="40.490603">
<testcase classname="Orange HRM Application Test" name="Validate Orange HRM HomePage Test" time="40.490603">
<system-out><![CDATA[Given User launches the browser.............................................passed
Then User is on login Page..................................................passed
Then User enters username and password......................................passed
Then Validate Home Page title...............................................passed
Then Validate logged in user................................................passed
]]></system-out>
</testcase>
</testsuite>
